The system is: Linux - 6.8.0-40-generic - x86_64
Compiling the Fortran compiler identification source file "CMakeFortranCompilerId.F" succeeded.
Compiler: /opt/intel/oneapi/mpi/2021.13/bin/mpiifx 
Build flags: 
Id flags: -v 

The output was:
0
mpiifx for the Intel(R) MPI Library @IMPI_OFFICIALVERSION@ for Linux*
Copyright Intel Corporation.
ifx version 2024.2.0
/opt/intel/oneapi/compiler/2024.2/bin/fpp    -D__INTEL_LLVM_COMPILER=20240200 -D__INTEL_LLVM_COMPILER_UPDATE=0 -D__INTEL_COMPILER=20240200 -D__INTEL_COMPILER_UPDATE=0 -D__unix__ -D__unix -D__linux__ -D__linux -D__gnu_linux__ -Dunix -Dlinux -D__ELF__ -D__x86_64 -D__x86_64__ -D__amd64 -D__amd64__ -D__INTEL_COMPILER_BUILD_DATE=20240602 -D__MMX__ -D__SSE__ -D__SSE_MATH__ -D__SSE2__ -D__SSE2_MATH__ -D__pentium4 -D__pentium4__ -D__tune_pentium4__ -I. -I/opt/intel/oneapi/mpi/2021.13/include/mpi -I/opt/intel/oneapi/mpi/2021.13/include -I/opt/intel/oneapi/mpi/2021.13/include/mpi -I/opt/intel/oneapi/tbb/2021.13/env/../include -I/opt/intel/oneapi/mpi/2021.13/include -I/opt/intel/oneapi/mkl/2024.2/include -I/opt/intel/oneapi/ippcp/2021.12/include -I/opt/intel/oneapi/ipp/2021.12/include -I/opt/intel/oneapi/dpl/2022.6/include -I/opt/intel/oneapi/dpcpp-ct/2024.2/include -I/opt/intel/oneapi/dnnl/2024.2/include -I/opt/intel/oneapi/dev-utilities/2024.2/include -I/opt/intel/oneapi/dal/2024.5/include/dal -I/opt/intel/oneapi/ccl/2021.13/include -I/opt/intel/oneapi/compiler/2024.2/opt/compiler/include/intel64 -I/opt/intel/oneapi/compiler/2024.2/opt/compiler/include -I/opt/intel/oneapi/compiler/2024.2/include -I/usr/local/include -I/opt/intel/oneapi/compiler/2024.2/lib/clang/19/include -I/usr/include -I/usr/include/x86_64-linux-gnu -fixed -4Ycpp -4Ncvf -f_com=yes -MX CMakeFortranCompilerId.F /tmp/ifx0582630080T4ajvw/ifxMZx4an.i
#include "..." search starts here:
#include <...> search starts here:
 .
 /opt/intel/oneapi/mpi/2021.13/include/mpi
 /opt/intel/oneapi/mpi/2021.13/include
 /opt/intel/oneapi/mpi/2021.13/include/mpi
 /opt/intel/oneapi/tbb/2021.13/env/../include
 /opt/intel/oneapi/mpi/2021.13/include
 /opt/intel/oneapi/mkl/2024.2/include
 /opt/intel/oneapi/ippcp/2021.12/include
 /opt/intel/oneapi/ipp/2021.12/include
 /opt/intel/oneapi/dpl/2022.6/include
 /opt/intel/oneapi/dpcpp-ct/2024.2/include
 /opt/intel/oneapi/dnnl/2024.2/include
 /opt/intel/oneapi/dev-utilities/2024.2/include
 /opt/intel/oneapi/dal/2024.5/include/dal
 /opt/intel/oneapi/ccl/2021.13/include
 /opt/intel/oneapi/compiler/2024.2/opt/compiler/include/intel64
 /opt/intel/oneapi/compiler/2024.2/opt/compiler/include
 /opt/intel/oneapi/compiler/2024.2/include
 /usr/local/include
 /opt/intel/oneapi/compiler/2024.2/lib/clang/19/include
 /usr/include
 /usr/include/x86_64-linux-gnu
End of search list.
/opt/intel/oneapi/compiler/2024.2/bin/compiler/xfortcom    -triple x86_64-unknown-linux-gnu -emit-obj "-verify nomodule" -main-file-name CMakeFortranCompilerId.F -mllvm --relocation-model=static "-options-string -I/opt/intel/oneapi/mpi/2021.13/include/mpi -I/opt/intel/oneapi/mpi/2021.13/include -I/opt/intel/oneapi/mpi/2021.13/include/mpi -v " -mframe-pointer=none -omp_simd -target-cpu x86-64 -target-linker-version 2.38 -fveclib=SVML -mllvm -loopopt=1 -floopopt-pipeline=light -mllvm -disable-hir-generate-mkl-call -mllvm -paropt=11 -fintel-libirc-allowed -o /tmp/ifx0582630080T4ajvw/ifxTvPAk3.o -D__INTEL_LLVM_COMPILER=20240200 -D__INTEL_LLVM_COMPILER_UPDATE=0 -D__unix__ -D__unix -D__linux__ -D__linux -D__gnu_linux__ -Dunix -Dlinux -D__ELF__ -D__x86_64 -D__x86_64__ -D__amd64 -D__amd64__ -D__INTEL_COMPILER_BUILD_DATE=20240602 -D__MMX__ -D__SSE__ -D__SSE_MATH__ -D__SSE2__ -D__SSE2_MATH__ -D__pentium4 -D__pentium4__ -D__tune_pentium4__ -D__INTEL_COMPILER=20240200 -D__INTEL_COMPILER_UPDATE=0 -I. -I/opt/intel/oneapi/mpi/2021.13/include/mpi -I/opt/intel/oneapi/mpi/2021.13/include -I/opt/intel/oneapi/mpi/2021.13/include/mpi -I/opt/intel/oneapi/tbb/2021.13/env/../include -I/opt/intel/oneapi/mpi/2021.13/include -I/opt/intel/oneapi/mkl/2024.2/include -I/opt/intel/oneapi/ippcp/2021.12/include -I/opt/intel/oneapi/ipp/2021.12/include -I/opt/intel/oneapi/dpl/2022.6/include -I/opt/intel/oneapi/dpcpp-ct/2024.2/include -I/opt/intel/oneapi/dnnl/2024.2/include -I/opt/intel/oneapi/dev-utilities/2024.2/include -I/opt/intel/oneapi/dal/2024.5/include/dal -I/opt/intel/oneapi/ccl/2021.13/include -I/opt/intel/oneapi/compiler/2024.2/opt/compiler/include/intel64 -I/opt/intel/oneapi/compiler/2024.2/opt/compiler/include -I/opt/intel/oneapi/compiler/2024.2/include -I/usr/local/include -I/opt/intel/oneapi/compiler/2024.2/lib/clang/19/include -I/usr/include -I/usr/include/x86_64-linux-gnu -faltmathlib=SVML -omp_simd -O2 "-reentrancy threaded" "-unroll 2" -simd -offload_host -nooffload_do_concurrent /tmp/ifx0582630080T4ajvw/ifxMZx4an.i
#include "..." search starts here:
#include <...> search starts here:
 .
 /opt/intel/oneapi/mpi/2021.13/include/mpi
 /opt/intel/oneapi/mpi/2021.13/include
 /opt/intel/oneapi/mpi/2021.13/include/mpi
 /opt/intel/oneapi/tbb/2021.13/env/../include
 /opt/intel/oneapi/mpi/2021.13/include
 /opt/intel/oneapi/mkl/2024.2/include
 /opt/intel/oneapi/ippcp/2021.12/include
 /opt/intel/oneapi/ipp/2021.12/include
 /opt/intel/oneapi/dpl/2022.6/include
 /opt/intel/oneapi/dpcpp-ct/2024.2/include
 /opt/intel/oneapi/dnnl/2024.2/include
 /opt/intel/oneapi/dev-utilities/2024.2/include
 /opt/intel/oneapi/dal/2024.5/include/dal
 /opt/intel/oneapi/ccl/2021.13/include
 /opt/intel/oneapi/compiler/2024.2/opt/compiler/include/intel64
 /opt/intel/oneapi/compiler/2024.2/opt/compiler/include
 /opt/intel/oneapi/compiler/2024.2/include
 /usr/local/include
 /opt/intel/oneapi/compiler/2024.2/lib/clang/19/include
 /usr/include
 /usr/include/x86_64-linux-gnu
End of search list.
ld    /usr/lib/gcc/x86_64-linux-gnu/12/../../../../x86_64-linux-gnu/lib/../lib/Scrt1.o /usr/lib/gcc/x86_64-linux-gnu/12/../../../../x86_64-linux-gnu/lib/../lib/crti.o /usr/lib/gcc/x86_64-linux-gnu/12/crtbeginS.o --eh-frame-hdr --build-id -dynamic-linker /lib64/ld-linux-x86-64.so.2 -m elf_x86_64 -o a.out /opt/intel/oneapi/compiler/2024.2/lib/for_main.o -L/opt/intel/oneapi/tbb/2021.13/env/../lib/intel64/gcc4.8 -L/opt/intel/oneapi/mpi/2021.13/lib -L/opt/intel/oneapi/mkl/2024.2/lib/ -L/opt/intel/oneapi/ippcp/2021.12/lib/ -L/opt/intel/oneapi/ipp/2021.12/lib -L/opt/intel/oneapi/dpl/2022.6/lib -L/opt/intel/oneapi/dnnl/2024.2/lib -L/opt/intel/oneapi/dal/2024.5/lib -L/opt/intel/oneapi/compiler/2024.2/lib -L/opt/intel/oneapi/ccl/2021.13/lib/ -L/opt/intel/oneapi/compiler/2024.2/lib -L/opt/intel/oneapi/compiler/2024.2/lib -L/opt/intel/oneapi/compiler/2024.2/lib/clang/19/lib/x86_64-unknown-linux-gnu -L/opt/intel/oneapi/compiler/2024.2/lib -L/opt/intel/oneapi/tbb/2021.13/env/../lib/intel64/gcc4.8/../lib/ -L/opt/intel/oneapi/mpi/2021.13/lib/../lib/ -L/opt/intel/oneapi/mkl/2024.2/lib/../lib/ -L/opt/intel/oneapi/ippcp/2021.12/lib/../lib/ -L/opt/intel/oneapi/ipp/2021.12/lib/../lib/ -L/opt/intel/oneapi/dpl/2022.6/lib/../lib/ -L/opt/intel/oneapi/dnnl/2024.2/lib/../lib/ -L/opt/intel/oneapi/dal/2024.5/lib/../lib/ -L/opt/intel/oneapi/compiler/2024.2/lib/../lib/ -L/opt/intel/oneapi/ccl/2021.13/lib/../lib/ -L/usr/lib/gcc/x86_64-linux-gnu/12/ -L/usr/lib/gcc/x86_64-linux-gnu/12/../../../../x86_64-linux-gnu/lib/../lib64 -L/usr/lib/gcc/x86_64-linux-gnu/12/../../../../x86_64-linux-gnu/lib/../lib/ -L/usr/lib/gcc/x86_64-linux-gnu/12/../../../x86_64-linux-gnu/ -L/usr/lib/gcc/x86_64-linux-gnu/12/../../../../lib64 -L/usr/lib/gcc/x86_64-linux-gnu/12/../../../../lib/ -L/lib/x86_64-linux-gnu/ -L/lib/../lib64 -L/lib/../lib/ -L/usr/lib/x86_64-linux-gnu/ -L/usr/lib/../lib64 -L/usr/lib/../lib/ -L/opt/intel/oneapi/tbb/2021.13/env/../lib/intel64/gcc4.8/ -L/opt/intel/oneapi/mpi/2021.13/lib/ -L/opt/intel/oneapi/mkl/2024.2/lib/ -L/opt/intel/oneapi/ippcp/2021.12/lib/ -L/opt/intel/oneapi/ipp/2021.12/lib/ -L/opt/intel/oneapi/dpl/2022.6/lib/ -L/opt/intel/oneapi/dnnl/2024.2/lib/ -L/opt/intel/oneapi/dal/2024.5/lib/ -L/opt/intel/oneapi/compiler/2024.2/lib/ -L/opt/intel/oneapi/ccl/2021.13/lib/ -L/usr/lib/gcc/x86_64-linux-gnu/12/../../../../x86_64-linux-gnu/lib64 -L/usr/lib/gcc/x86_64-linux-gnu/12/../../../../x86_64-linux-gnu/lib/ -L/usr/lib/gcc/x86_64-linux-gnu/12/../../../ -L/lib64 -L/lib/ -L/usr/lib64 -L/usr/lib /tmp/ifx0582630080T4ajvw/ifxTvPAk3.o -Bdynamic -Bstatic -lifport -lifcoremt -Bdynamic -limf -Bstatic -lsvml -Bdynamic -lm -Bstatic -lipgo -lirc -Bdynamic -lpthread -Bstatic -lsvml -Bdynamic -lc -lgcc -lgcc_s -Bstatic -lirc_s -Bdynamic -ldl -lc /usr/lib/gcc/x86_64-linux-gnu/12/crtendS.o /usr/lib/gcc/x86_64-linux-gnu/12/../../../../x86_64-linux-gnu/lib/../lib/crtn.o


Compilation of the Fortran compiler identification source "CMakeFortranCompilerId.F" produced "a.out"

The Fortran compiler identification is IntelLLVM, found in "/home/yuki/git/Lattice-Tool-Kit/build/CMakeFiles/3.22.1/CompilerIdFortran/a.out"

Detecting Fortran compiler ABI info compiled with the following output:
Change Dir: /home/yuki/git/Lattice-Tool-Kit/build/CMakeFiles/CMakeTmp

Run Build Command(s):/usr/bin/gmake -f Makefile cmTC_d34a1/fast && /usr/bin/gmake  -f CMakeFiles/cmTC_d34a1.dir/build.make CMakeFiles/cmTC_d34a1.dir/build
gmake[1]: Entering directory '/home/yuki/git/Lattice-Tool-Kit/build/CMakeFiles/CMakeTmp'
Building Fortran object CMakeFiles/cmTC_d34a1.dir/CMakeFortranCompilerABI.F90.o
/opt/intel/oneapi/mpi/2021.13/bin/mpiifx   -v -c /usr/share/cmake-3.22/Modules/CMakeFortranCompilerABI.F90 -o CMakeFiles/cmTC_d34a1.dir/CMakeFortranCompilerABI.F90.o
mpiifx for the Intel(R) MPI Library @IMPI_OFFICIALVERSION@ for Linux*
Copyright Intel Corporation.
ifx version 2024.2.0
/opt/intel/oneapi/compiler/2024.2/bin/fpp    -D__INTEL_LLVM_COMPILER=20240200 -D__INTEL_LLVM_COMPILER_UPDATE=0 -D__INTEL_COMPILER=20240200 -D__INTEL_COMPILER_UPDATE=0 -D__unix__ -D__unix -D__linux__ -D__linux -D__gnu_linux__ -Dunix -Dlinux -D__ELF__ -D__x86_64 -D__x86_64__ -D__amd64 -D__amd64__ -D__INTEL_COMPILER_BUILD_DATE=20240602 -D__MMX__ -D__SSE__ -D__SSE_MATH__ -D__SSE2__ -D__SSE2_MATH__ -D__pentium4 -D__pentium4__ -D__tune_pentium4__ -I. -I/opt/intel/oneapi/mpi/2021.13/include/mpi -I/opt/intel/oneapi/mpi/2021.13/include -I/opt/intel/oneapi/mpi/2021.13/include/mpi -I/opt/intel/oneapi/tbb/2021.13/env/../include -I/opt/intel/oneapi/mpi/2021.13/include -I/opt/intel/oneapi/mkl/2024.2/include -I/opt/intel/oneapi/ippcp/2021.12/include -I/opt/intel/oneapi/ipp/2021.12/include -I/opt/intel/oneapi/dpl/2022.6/include -I/opt/intel/oneapi/dpcpp-ct/2024.2/include -I/opt/intel/oneapi/dnnl/2024.2/include -I/opt/intel/oneapi/dev-utilities/2024.2/include -I/opt/intel/oneapi/dal/2024.5/include/dal -I/opt/intel/oneapi/ccl/2021.13/include -I/opt/intel/oneapi/compiler/2024.2/opt/compiler/include/intel64 -I/opt/intel/oneapi/compiler/2024.2/opt/compiler/include -I/opt/intel/oneapi/compiler/2024.2/include -I/usr/local/include -I/opt/intel/oneapi/compiler/2024.2/lib/clang/19/include -I/usr/include -I/usr/include/x86_64-linux-gnu -4Ycpp -4Ncvf -f_com=yes -MX /usr/share/cmake-3.22/Modules/CMakeFortranCompilerABI.F90 /tmp/ifx2134238900zSMVqf/ifxpOumzc.i90
#include "..." search starts here:
#include <...> search starts here:
 .
 /opt/intel/oneapi/mpi/2021.13/include/mpi
 /opt/intel/oneapi/mpi/2021.13/include
 /opt/intel/oneapi/mpi/2021.13/include/mpi
 /opt/intel/oneapi/tbb/2021.13/env/../include
 /opt/intel/oneapi/mpi/2021.13/include
 /opt/intel/oneapi/mkl/2024.2/include
 /opt/intel/oneapi/ippcp/2021.12/include
 /opt/intel/oneapi/ipp/2021.12/include
 /opt/intel/oneapi/dpl/2022.6/include
 /opt/intel/oneapi/dpcpp-ct/2024.2/include
 /opt/intel/oneapi/dnnl/2024.2/include
 /opt/intel/oneapi/dev-utilities/2024.2/include
 /opt/intel/oneapi/dal/2024.5/include/dal
 /opt/intel/oneapi/ccl/2021.13/include
 /opt/intel/oneapi/compiler/2024.2/opt/compiler/include/intel64
 /opt/intel/oneapi/compiler/2024.2/opt/compiler/include
 /opt/intel/oneapi/compiler/2024.2/include
 /usr/local/include
 /opt/intel/oneapi/compiler/2024.2/lib/clang/19/include
 /usr/include
 /usr/include/x86_64-linux-gnu
End of search list.
/opt/intel/oneapi/compiler/2024.2/bin/compiler/xfortcom    -triple x86_64-unknown-linux-gnu -emit-obj "-verify nomodule" -main-file-name /usr/share/cmake-3.22/Modules/CMakeFortranCompilerABI.F90 -mllvm --relocation-model=static "-options-string -I/opt/intel/oneapi/mpi/2021.13/include/mpi -I/opt/intel/oneapi/mpi/2021.13/include -I/opt/intel/oneapi/mpi/2021.13/include/mpi -v -c -o CMakeFiles/cmTC_d34a1.dir/CMakeFortranCompilerABI.F90.o " -mframe-pointer=none -omp_simd -target-cpu x86-64 -target-linker-version 2.38 -fveclib=SVML -mllvm -loopopt=1 -floopopt-pipeline=light -mllvm -disable-hir-generate-mkl-call -mllvm -paropt=11 -fintel-libirc-allowed -o CMakeFiles/cmTC_d34a1.dir/CMakeFortranCompilerABI.F90.o -D__INTEL_LLVM_COMPILER=20240200 -D__INTEL_LLVM_COMPILER_UPDATE=0 -D__unix__ -D__unix -D__linux__ -D__linux -D__gnu_linux__ -Dunix -Dlinux -D__ELF__ -D__x86_64 -D__x86_64__ -D__amd64 -D__amd64__ -D__INTEL_COMPILER_BUILD_DATE=20240602 -D__MMX__ -D__SSE__ -D__SSE_MATH__ -D__SSE2__ -D__SSE2_MATH__ -D__pentium4 -D__pentium4__ -D__tune_pentium4__ -D__INTEL_COMPILER=20240200 -D__INTEL_COMPILER_UPDATE=0 -I/usr/share/cmake-3.22/Modules -I. -I/opt/intel/oneapi/mpi/2021.13/include/mpi -I/opt/intel/oneapi/mpi/2021.13/include -I/opt/intel/oneapi/mpi/2021.13/include/mpi -I/opt/intel/oneapi/tbb/2021.13/env/../include -I/opt/intel/oneapi/mpi/2021.13/include -I/opt/intel/oneapi/mkl/2024.2/include -I/opt/intel/oneapi/ippcp/2021.12/include -I/opt/intel/oneapi/ipp/2021.12/include -I/opt/intel/oneapi/dpl/2022.6/include -I/opt/intel/oneapi/dpcpp-ct/2024.2/include -I/opt/intel/oneapi/dnnl/2024.2/include -I/opt/intel/oneapi/dev-utilities/2024.2/include -I/opt/intel/oneapi/dal/2024.5/include/dal -I/opt/intel/oneapi/ccl/2021.13/include -I/opt/intel/oneapi/compiler/2024.2/opt/compiler/include/intel64 -I/opt/intel/oneapi/compiler/2024.2/opt/compiler/include -I/opt/intel/oneapi/compiler/2024.2/include -I/usr/local/include -I/opt/intel/oneapi/compiler/2024.2/lib/clang/19/include -I/usr/include -I/usr/include/x86_64-linux-gnu -faltmathlib=SVML -omp_simd -O2 "-reentrancy threaded" "-unroll 2" -simd -offload_host -nooffload_do_concurrent /tmp/ifx2134238900zSMVqf/ifxpOumzc.i90
#include "..." search starts here:
#include <...> search starts here:
 /usr/share/cmake-3.22/Modules
 .
 /opt/intel/oneapi/mpi/2021.13/include/mpi
 /opt/intel/oneapi/mpi/2021.13/include
 /opt/intel/oneapi/mpi/2021.13/include/mpi
 /opt/intel/oneapi/tbb/2021.13/env/../include
 /opt/intel/oneapi/mpi/2021.13/include
 /opt/intel/oneapi/mkl/2024.2/include
 /opt/intel/oneapi/ippcp/2021.12/include
 /opt/intel/oneapi/ipp/2021.12/include
 /opt/intel/oneapi/dpl/2022.6/include
 /opt/intel/oneapi/dpcpp-ct/2024.2/include
 /opt/intel/oneapi/dnnl/2024.2/include
 /opt/intel/oneapi/dev-utilities/2024.2/include
 /opt/intel/oneapi/dal/2024.5/include/dal
 /opt/intel/oneapi/ccl/2021.13/include
 /opt/intel/oneapi/compiler/2024.2/opt/compiler/include/intel64
 /opt/intel/oneapi/compiler/2024.2/opt/compiler/include
 /opt/intel/oneapi/compiler/2024.2/include
 /usr/local/include
 /opt/intel/oneapi/compiler/2024.2/lib/clang/19/include
 /usr/include
 /usr/include/x86_64-linux-gnu
End of search list.
Linking Fortran executable cmTC_d34a1
/usr/bin/cmake -E cmake_link_script CMakeFiles/cmTC_d34a1.dir/link.txt --verbose=1
/opt/intel/oneapi/mpi/2021.13/bin/mpiifx  -v CMakeFiles/cmTC_d34a1.dir/CMakeFortranCompilerABI.F90.o -o cmTC_d34a1 
mpiifx for the Intel(R) MPI Library @IMPI_OFFICIALVERSION@ for Linux*
Copyright Intel Corporation.
ifx version 2024.2.0
ld    /usr/lib/gcc/x86_64-linux-gnu/12/../../../../x86_64-linux-gnu/lib/../lib/Scrt1.o /usr/lib/gcc/x86_64-linux-gnu/12/../../../../x86_64-linux-gnu/lib/../lib/crti.o /usr/lib/gcc/x86_64-linux-gnu/12/crtbeginS.o --eh-frame-hdr --build-id -dynamic-linker /lib64/ld-linux-x86-64.so.2 -m elf_x86_64 -o cmTC_d34a1 /opt/intel/oneapi/compiler/2024.2/lib/for_main.o -L/opt/intel/oneapi/tbb/2021.13/env/../lib/intel64/gcc4.8 -L/opt/intel/oneapi/mpi/2021.13/lib -L/opt/intel/oneapi/mkl/2024.2/lib/ -L/opt/intel/oneapi/ippcp/2021.12/lib/ -L/opt/intel/oneapi/ipp/2021.12/lib -L/opt/intel/oneapi/dpl/2022.6/lib -L/opt/intel/oneapi/dnnl/2024.2/lib -L/opt/intel/oneapi/dal/2024.5/lib -L/opt/intel/oneapi/compiler/2024.2/lib -L/opt/intel/oneapi/ccl/2021.13/lib/ -L/opt/intel/oneapi/compiler/2024.2/lib -L/opt/intel/oneapi/compiler/2024.2/lib -L/opt/intel/oneapi/compiler/2024.2/lib/clang/19/lib/x86_64-unknown-linux-gnu -L/opt/intel/oneapi/compiler/2024.2/lib -L/opt/intel/oneapi/tbb/2021.13/env/../lib/intel64/gcc4.8/../lib/ -L/opt/intel/oneapi/mpi/2021.13/lib/../lib/ -L/opt/intel/oneapi/mkl/2024.2/lib/../lib/ -L/opt/intel/oneapi/ippcp/2021.12/lib/../lib/ -L/opt/intel/oneapi/ipp/2021.12/lib/../lib/ -L/opt/intel/oneapi/dpl/2022.6/lib/../lib/ -L/opt/intel/oneapi/dnnl/2024.2/lib/../lib/ -L/opt/intel/oneapi/dal/2024.5/lib/../lib/ -L/opt/intel/oneapi/compiler/2024.2/lib/../lib/ -L/opt/intel/oneapi/ccl/2021.13/lib/../lib/ -L/usr/lib/gcc/x86_64-linux-gnu/12/ -L/usr/lib/gcc/x86_64-linux-gnu/12/../../../../x86_64-linux-gnu/lib/../lib64 -L/usr/lib/gcc/x86_64-linux-gnu/12/../../../../x86_64-linux-gnu/lib/../lib/ -L/usr/lib/gcc/x86_64-linux-gnu/12/../../../x86_64-linux-gnu/ -L/usr/lib/gcc/x86_64-linux-gnu/12/../../../../lib64 -L/usr/lib/gcc/x86_64-linux-gnu/12/../../../../lib/ -L/lib/x86_64-linux-gnu/ -L/lib/../lib64 -L/lib/../lib/ -L/usr/lib/x86_64-linux-gnu/ -L/usr/lib/../lib64 -L/usr/lib/../lib/ -L/opt/intel/oneapi/tbb/2021.13/env/../lib/intel64/gcc4.8/ -L/opt/intel/oneapi/mpi/2021.13/lib/ -L/opt/intel/oneapi/mkl/2024.2/lib/ -L/opt/intel/oneapi/ippcp/2021.12/lib/ -L/opt/intel/oneapi/ipp/2021.12/lib/ -L/opt/intel/oneapi/dpl/2022.6/lib/ -L/opt/intel/oneapi/dnnl/2024.2/lib/ -L/opt/intel/oneapi/dal/2024.5/lib/ -L/opt/intel/oneapi/compiler/2024.2/lib/ -L/opt/intel/oneapi/ccl/2021.13/lib/ -L/usr/lib/gcc/x86_64-linux-gnu/12/../../../../x86_64-linux-gnu/lib64 -L/usr/lib/gcc/x86_64-linux-gnu/12/../../../../x86_64-linux-gnu/lib/ -L/usr/lib/gcc/x86_64-linux-gnu/12/../../../ -L/lib64 -L/lib/ -L/usr/lib64 -L/usr/lib CMakeFiles/cmTC_d34a1.dir/CMakeFortranCompilerABI.F90.o -Bdynamic -Bstatic -lifport -lifcoremt -Bdynamic -limf -Bstatic -lsvml -Bdynamic -lm -Bstatic -lipgo -lirc -Bdynamic -lpthread -Bstatic -lsvml -Bdynamic -lc -lgcc -lgcc_s -Bstatic -lirc_s -Bdynamic -ldl -lc /usr/lib/gcc/x86_64-linux-gnu/12/crtendS.o /usr/lib/gcc/x86_64-linux-gnu/12/../../../../x86_64-linux-gnu/lib/../lib/crtn.o
gmake[1]: Leaving directory '/home/yuki/git/Lattice-Tool-Kit/build/CMakeFiles/CMakeTmp'



Parsed Fortran implicit include dir info from above output: rv=done
  found start of include info
  found start of implicit include info
    add: [.]
    add: [/opt/intel/oneapi/mpi/2021.13/include/mpi]
    add: [/opt/intel/oneapi/mpi/2021.13/include]
    add: [/opt/intel/oneapi/mpi/2021.13/include/mpi]
    add: [/opt/intel/oneapi/tbb/2021.13/env/../include]
    add: [/opt/intel/oneapi/mpi/2021.13/include]
    add: [/opt/intel/oneapi/mkl/2024.2/include]
    add: [/opt/intel/oneapi/ippcp/2021.12/include]
    add: [/opt/intel/oneapi/ipp/2021.12/include]
    add: [/opt/intel/oneapi/dpl/2022.6/include]
    add: [/opt/intel/oneapi/dpcpp-ct/2024.2/include]
    add: [/opt/intel/oneapi/dnnl/2024.2/include]
    add: [/opt/intel/oneapi/dev-utilities/2024.2/include]
    add: [/opt/intel/oneapi/dal/2024.5/include/dal]
    add: [/opt/intel/oneapi/ccl/2021.13/include]
    add: [/opt/intel/oneapi/compiler/2024.2/opt/compiler/include/intel64]
    add: [/opt/intel/oneapi/compiler/2024.2/opt/compiler/include]
    add: [/opt/intel/oneapi/compiler/2024.2/include]
    add: [/usr/local/include]
    add: [/opt/intel/oneapi/compiler/2024.2/lib/clang/19/include]
    add: [/usr/include]
    add: [/usr/include/x86_64-linux-gnu]
  end of search list found
  skipping relative include dir [.]
  collapse include dir [/opt/intel/oneapi/mpi/2021.13/include/mpi] ==> [/opt/intel/oneapi/mpi/2021.13/include/mpi]
  collapse include dir [/opt/intel/oneapi/mpi/2021.13/include] ==> [/opt/intel/oneapi/mpi/2021.13/include]
  collapse include dir [/opt/intel/oneapi/mpi/2021.13/include/mpi] ==> [/opt/intel/oneapi/mpi/2021.13/include/mpi]
  collapse include dir [/opt/intel/oneapi/tbb/2021.13/env/../include] ==> [/opt/intel/oneapi/tbb/2021.13/include]
  collapse include dir [/opt/intel/oneapi/mpi/2021.13/include] ==> [/opt/intel/oneapi/mpi/2021.13/include]
  collapse include dir [/opt/intel/oneapi/mkl/2024.2/include] ==> [/opt/intel/oneapi/mkl/2024.2/include]
  collapse include dir [/opt/intel/oneapi/ippcp/2021.12/include] ==> [/opt/intel/oneapi/ippcp/2021.12/include]
  collapse include dir [/opt/intel/oneapi/ipp/2021.12/include] ==> [/opt/intel/oneapi/ipp/2021.12/include]
  collapse include dir [/opt/intel/oneapi/dpl/2022.6/include] ==> [/opt/intel/oneapi/dpl/2022.6/include]
  collapse include dir [/opt/intel/oneapi/dpcpp-ct/2024.2/include] ==> [/opt/intel/oneapi/dpcpp-ct/2024.2/include]
  collapse include dir [/opt/intel/oneapi/dnnl/2024.2/include] ==> [/opt/intel/oneapi/dnnl/2024.2/include]
  collapse include dir [/opt/intel/oneapi/dev-utilities/2024.2/include] ==> [/opt/intel/oneapi/dev-utilities/2024.2/include]
  collapse include dir [/opt/intel/oneapi/dal/2024.5/include/dal] ==> [/opt/intel/oneapi/dal/2024.5/include/dal]
  collapse include dir [/opt/intel/oneapi/ccl/2021.13/include] ==> [/opt/intel/oneapi/ccl/2021.13/include]
  collapse include dir [/opt/intel/oneapi/compiler/2024.2/opt/compiler/include/intel64] ==> [/opt/intel/oneapi/compiler/2024.2/opt/compiler/include/intel64]
  collapse include dir [/opt/intel/oneapi/compiler/2024.2/opt/compiler/include] ==> [/opt/intel/oneapi/compiler/2024.2/opt/compiler/include]
  collapse include dir [/opt/intel/oneapi/compiler/2024.2/include] ==> [/opt/intel/oneapi/compiler/2024.2/include]
  collapse include dir [/usr/local/include] ==> [/usr/local/include]
  collapse include dir [/opt/intel/oneapi/compiler/2024.2/lib/clang/19/include] ==> [/opt/intel/oneapi/compiler/2024.2/lib/clang/19/include]
  collapse include dir [/usr/include] ==> [/usr/include]
  collapse include dir [/usr/include/x86_64-linux-gnu] ==> [/usr/include/x86_64-linux-gnu]
  implicit include dirs: [/opt/intel/oneapi/mpi/2021.13/include/mpi;/opt/intel/oneapi/mpi/2021.13/include;/opt/intel/oneapi/tbb/2021.13/include;/opt/intel/oneapi/mkl/2024.2/include;/opt/intel/oneapi/ippcp/2021.12/include;/opt/intel/oneapi/ipp/2021.12/include;/opt/intel/oneapi/dpl/2022.6/include;/opt/intel/oneapi/dpcpp-ct/2024.2/include;/opt/intel/oneapi/dnnl/2024.2/include;/opt/intel/oneapi/dev-utilities/2024.2/include;/opt/intel/oneapi/dal/2024.5/include/dal;/opt/intel/oneapi/ccl/2021.13/include;/opt/intel/oneapi/compiler/2024.2/opt/compiler/include/intel64;/opt/intel/oneapi/compiler/2024.2/opt/compiler/include;/opt/intel/oneapi/compiler/2024.2/include;/usr/local/include;/opt/intel/oneapi/compiler/2024.2/lib/clang/19/include;/usr/include;/usr/include/x86_64-linux-gnu]


Parsed Fortran implicit link information from above output:
  link line regex: [^( *|.*[/\])(ld|CMAKE_LINK_STARTFILE-NOTFOUND|([^/\]+-)?ld|collect2)[^/\]*( |$)]
  ignore line: [Change Dir: /home/yuki/git/Lattice-Tool-Kit/build/CMakeFiles/CMakeTmp]
  ignore line: []
  ignore line: [Run Build Command(s):/usr/bin/gmake -f Makefile cmTC_d34a1/fast && /usr/bin/gmake  -f CMakeFiles/cmTC_d34a1.dir/build.make CMakeFiles/cmTC_d34a1.dir/build]
  ignore line: [gmake[1]: Entering directory '/home/yuki/git/Lattice-Tool-Kit/build/CMakeFiles/CMakeTmp']
  ignore line: [Building Fortran object CMakeFiles/cmTC_d34a1.dir/CMakeFortranCompilerABI.F90.o]
  ignore line: [/opt/intel/oneapi/mpi/2021.13/bin/mpiifx   -v -c /usr/share/cmake-3.22/Modules/CMakeFortranCompilerABI.F90 -o CMakeFiles/cmTC_d34a1.dir/CMakeFortranCompilerABI.F90.o]
  ignore line: [mpiifx for the Intel(R) MPI Library @IMPI_OFFICIALVERSION@ for Linux*]
  ignore line: [Copyright Intel Corporation.]
  ignore line: [ifx version 2024.2.0]
  ignore line: [/opt/intel/oneapi/compiler/2024.2/bin/fpp    -D__INTEL_LLVM_COMPILER=20240200 -D__INTEL_LLVM_COMPILER_UPDATE=0 -D__INTEL_COMPILER=20240200 -D__INTEL_COMPILER_UPDATE=0 -D__unix__ -D__unix -D__linux__ -D__linux -D__gnu_linux__ -Dunix -Dlinux -D__ELF__ -D__x86_64 -D__x86_64__ -D__amd64 -D__amd64__ -D__INTEL_COMPILER_BUILD_DATE=20240602 -D__MMX__ -D__SSE__ -D__SSE_MATH__ -D__SSE2__ -D__SSE2_MATH__ -D__pentium4 -D__pentium4__ -D__tune_pentium4__ -I. -I/opt/intel/oneapi/mpi/2021.13/include/mpi -I/opt/intel/oneapi/mpi/2021.13/include -I/opt/intel/oneapi/mpi/2021.13/include/mpi -I/opt/intel/oneapi/tbb/2021.13/env/../include -I/opt/intel/oneapi/mpi/2021.13/include -I/opt/intel/oneapi/mkl/2024.2/include -I/opt/intel/oneapi/ippcp/2021.12/include -I/opt/intel/oneapi/ipp/2021.12/include -I/opt/intel/oneapi/dpl/2022.6/include -I/opt/intel/oneapi/dpcpp-ct/2024.2/include -I/opt/intel/oneapi/dnnl/2024.2/include -I/opt/intel/oneapi/dev-utilities/2024.2/include -I/opt/intel/oneapi/dal/2024.5/include/dal -I/opt/intel/oneapi/ccl/2021.13/include -I/opt/intel/oneapi/compiler/2024.2/opt/compiler/include/intel64 -I/opt/intel/oneapi/compiler/2024.2/opt/compiler/include -I/opt/intel/oneapi/compiler/2024.2/include -I/usr/local/include -I/opt/intel/oneapi/compiler/2024.2/lib/clang/19/include -I/usr/include -I/usr/include/x86_64-linux-gnu -4Ycpp -4Ncvf -f_com=yes -MX /usr/share/cmake-3.22/Modules/CMakeFortranCompilerABI.F90 /tmp/ifx2134238900zSMVqf/ifxpOumzc.i90]
  ignore line: [#include "..." search starts here:]
  ignore line: [#include <...> search starts here:]
  ignore line: [ .]
  ignore line: [ /opt/intel/oneapi/mpi/2021.13/include/mpi]
  ignore line: [ /opt/intel/oneapi/mpi/2021.13/include]
  ignore line: [ /opt/intel/oneapi/mpi/2021.13/include/mpi]
  ignore line: [ /opt/intel/oneapi/tbb/2021.13/env/../include]
  ignore line: [ /opt/intel/oneapi/mpi/2021.13/include]
  ignore line: [ /opt/intel/oneapi/mkl/2024.2/include]
  ignore line: [ /opt/intel/oneapi/ippcp/2021.12/include]
  ignore line: [ /opt/intel/oneapi/ipp/2021.12/include]
  ignore line: [ /opt/intel/oneapi/dpl/2022.6/include]
  ignore line: [ /opt/intel/oneapi/dpcpp-ct/2024.2/include]
  ignore line: [ /opt/intel/oneapi/dnnl/2024.2/include]
  ignore line: [ /opt/intel/oneapi/dev-utilities/2024.2/include]
  ignore line: [ /opt/intel/oneapi/dal/2024.5/include/dal]
  ignore line: [ /opt/intel/oneapi/ccl/2021.13/include]
  ignore line: [ /opt/intel/oneapi/compiler/2024.2/opt/compiler/include/intel64]
  ignore line: [ /opt/intel/oneapi/compiler/2024.2/opt/compiler/include]
  ignore line: [ /opt/intel/oneapi/compiler/2024.2/include]
  ignore line: [ /usr/local/include]
  ignore line: [ /opt/intel/oneapi/compiler/2024.2/lib/clang/19/include]
  ignore line: [ /usr/include]
  ignore line: [ /usr/include/x86_64-linux-gnu]
  ignore line: [End of search list.]
  ignore line: [/opt/intel/oneapi/compiler/2024.2/bin/compiler/xfortcom    -triple x86_64-unknown-linux-gnu -emit-obj "-verify nomodule" -main-file-name /usr/share/cmake-3.22/Modules/CMakeFortranCompilerABI.F90 -mllvm --relocation-model=static "-options-string -I/opt/intel/oneapi/mpi/2021.13/include/mpi -I/opt/intel/oneapi/mpi/2021.13/include -I/opt/intel/oneapi/mpi/2021.13/include/mpi -v -c -o CMakeFiles/cmTC_d34a1.dir/CMakeFortranCompilerABI.F90.o " -mframe-pointer=none -omp_simd -target-cpu x86-64 -target-linker-version 2.38 -fveclib=SVML -mllvm -loopopt=1 -floopopt-pipeline=light -mllvm -disable-hir-generate-mkl-call -mllvm -paropt=11 -fintel-libirc-allowed -o CMakeFiles/cmTC_d34a1.dir/CMakeFortranCompilerABI.F90.o -D__INTEL_LLVM_COMPILER=20240200 -D__INTEL_LLVM_COMPILER_UPDATE=0 -D__unix__ -D__unix -D__linux__ -D__linux -D__gnu_linux__ -Dunix -Dlinux -D__ELF__ -D__x86_64 -D__x86_64__ -D__amd64 -D__amd64__ -D__INTEL_COMPILER_BUILD_DATE=20240602 -D__MMX__ -D__SSE__ -D__SSE_MATH__ -D__SSE2__ -D__SSE2_MATH__ -D__pentium4 -D__pentium4__ -D__tune_pentium4__ -D__INTEL_COMPILER=20240200 -D__INTEL_COMPILER_UPDATE=0 -I/usr/share/cmake-3.22/Modules -I. -I/opt/intel/oneapi/mpi/2021.13/include/mpi -I/opt/intel/oneapi/mpi/2021.13/include -I/opt/intel/oneapi/mpi/2021.13/include/mpi -I/opt/intel/oneapi/tbb/2021.13/env/../include -I/opt/intel/oneapi/mpi/2021.13/include -I/opt/intel/oneapi/mkl/2024.2/include -I/opt/intel/oneapi/ippcp/2021.12/include -I/opt/intel/oneapi/ipp/2021.12/include -I/opt/intel/oneapi/dpl/2022.6/include -I/opt/intel/oneapi/dpcpp-ct/2024.2/include -I/opt/intel/oneapi/dnnl/2024.2/include -I/opt/intel/oneapi/dev-utilities/2024.2/include -I/opt/intel/oneapi/dal/2024.5/include/dal -I/opt/intel/oneapi/ccl/2021.13/include -I/opt/intel/oneapi/compiler/2024.2/opt/compiler/include/intel64 -I/opt/intel/oneapi/compiler/2024.2/opt/compiler/include -I/opt/intel/oneapi/compiler/2024.2/include -I/usr/local/include -I/opt/intel/oneapi/compiler/2024.2/lib/clang/19/include -I/usr/include -I/usr/include/x86_64-linux-gnu -faltmathlib=SVML -omp_simd -O2 "-reentrancy threaded" "-unroll 2" -simd -offload_host -nooffload_do_concurrent /tmp/ifx2134238900zSMVqf/ifxpOumzc.i90]
  ignore line: [#include "..." search starts here:]
  ignore line: [#include <...> search starts here:]
  ignore line: [ /usr/share/cmake-3.22/Modules]
  ignore line: [ .]
  ignore line: [ /opt/intel/oneapi/mpi/2021.13/include/mpi]
  ignore line: [ /opt/intel/oneapi/mpi/2021.13/include]
  ignore line: [ /opt/intel/oneapi/mpi/2021.13/include/mpi]
  ignore line: [ /opt/intel/oneapi/tbb/2021.13/env/../include]
  ignore line: [ /opt/intel/oneapi/mpi/2021.13/include]
  ignore line: [ /opt/intel/oneapi/mkl/2024.2/include]
  ignore line: [ /opt/intel/oneapi/ippcp/2021.12/include]
  ignore line: [ /opt/intel/oneapi/ipp/2021.12/include]
  ignore line: [ /opt/intel/oneapi/dpl/2022.6/include]
  ignore line: [ /opt/intel/oneapi/dpcpp-ct/2024.2/include]
  ignore line: [ /opt/intel/oneapi/dnnl/2024.2/include]
  ignore line: [ /opt/intel/oneapi/dev-utilities/2024.2/include]
  ignore line: [ /opt/intel/oneapi/dal/2024.5/include/dal]
  ignore line: [ /opt/intel/oneapi/ccl/2021.13/include]
  ignore line: [ /opt/intel/oneapi/compiler/2024.2/opt/compiler/include/intel64]
  ignore line: [ /opt/intel/oneapi/compiler/2024.2/opt/compiler/include]
  ignore line: [ /opt/intel/oneapi/compiler/2024.2/include]
  ignore line: [ /usr/local/include]
  ignore line: [ /opt/intel/oneapi/compiler/2024.2/lib/clang/19/include]
  ignore line: [ /usr/include]
  ignore line: [ /usr/include/x86_64-linux-gnu]
  ignore line: [End of search list.]
  ignore line: [Linking Fortran executable cmTC_d34a1]
  ignore line: [/usr/bin/cmake -E cmake_link_script CMakeFiles/cmTC_d34a1.dir/link.txt --verbose=1]
  ignore line: [/opt/intel/oneapi/mpi/2021.13/bin/mpiifx  -v CMakeFiles/cmTC_d34a1.dir/CMakeFortranCompilerABI.F90.o -o cmTC_d34a1 ]
  ignore line: [mpiifx for the Intel(R) MPI Library @IMPI_OFFICIALVERSION@ for Linux*]
  ignore line: [Copyright Intel Corporation.]
  ignore line: [ifx version 2024.2.0]
  link line: [ld    /usr/lib/gcc/x86_64-linux-gnu/12/../../../../x86_64-linux-gnu/lib/../lib/Scrt1.o /usr/lib/gcc/x86_64-linux-gnu/12/../../../../x86_64-linux-gnu/lib/../lib/crti.o /usr/lib/gcc/x86_64-linux-gnu/12/crtbeginS.o --eh-frame-hdr --build-id -dynamic-linker /lib64/ld-linux-x86-64.so.2 -m elf_x86_64 -o cmTC_d34a1 /opt/intel/oneapi/compiler/2024.2/lib/for_main.o -L/opt/intel/oneapi/tbb/2021.13/env/../lib/intel64/gcc4.8 -L/opt/intel/oneapi/mpi/2021.13/lib -L/opt/intel/oneapi/mkl/2024.2/lib/ -L/opt/intel/oneapi/ippcp/2021.12/lib/ -L/opt/intel/oneapi/ipp/2021.12/lib -L/opt/intel/oneapi/dpl/2022.6/lib -L/opt/intel/oneapi/dnnl/2024.2/lib -L/opt/intel/oneapi/dal/2024.5/lib -L/opt/intel/oneapi/compiler/2024.2/lib -L/opt/intel/oneapi/ccl/2021.13/lib/ -L/opt/intel/oneapi/compiler/2024.2/lib -L/opt/intel/oneapi/compiler/2024.2/lib -L/opt/intel/oneapi/compiler/2024.2/lib/clang/19/lib/x86_64-unknown-linux-gnu -L/opt/intel/oneapi/compiler/2024.2/lib -L/opt/intel/oneapi/tbb/2021.13/env/../lib/intel64/gcc4.8/../lib/ -L/opt/intel/oneapi/mpi/2021.13/lib/../lib/ -L/opt/intel/oneapi/mkl/2024.2/lib/../lib/ -L/opt/intel/oneapi/ippcp/2021.12/lib/../lib/ -L/opt/intel/oneapi/ipp/2021.12/lib/../lib/ -L/opt/intel/oneapi/dpl/2022.6/lib/../lib/ -L/opt/intel/oneapi/dnnl/2024.2/lib/../lib/ -L/opt/intel/oneapi/dal/2024.5/lib/../lib/ -L/opt/intel/oneapi/compiler/2024.2/lib/../lib/ -L/opt/intel/oneapi/ccl/2021.13/lib/../lib/ -L/usr/lib/gcc/x86_64-linux-gnu/12/ -L/usr/lib/gcc/x86_64-linux-gnu/12/../../../../x86_64-linux-gnu/lib/../lib64 -L/usr/lib/gcc/x86_64-linux-gnu/12/../../../../x86_64-linux-gnu/lib/../lib/ -L/usr/lib/gcc/x86_64-linux-gnu/12/../../../x86_64-linux-gnu/ -L/usr/lib/gcc/x86_64-linux-gnu/12/../../../../lib64 -L/usr/lib/gcc/x86_64-linux-gnu/12/../../../../lib/ -L/lib/x86_64-linux-gnu/ -L/lib/../lib64 -L/lib/../lib/ -L/usr/lib/x86_64-linux-gnu/ -L/usr/lib/../lib64 -L/usr/lib/../lib/ -L/opt/intel/oneapi/tbb/2021.13/env/../lib/intel64/gcc4.8/ -L/opt/intel/oneapi/mpi/2021.13/lib/ -L/opt/intel/oneapi/mkl/2024.2/lib/ -L/opt/intel/oneapi/ippcp/2021.12/lib/ -L/opt/intel/oneapi/ipp/2021.12/lib/ -L/opt/intel/oneapi/dpl/2022.6/lib/ -L/opt/intel/oneapi/dnnl/2024.2/lib/ -L/opt/intel/oneapi/dal/2024.5/lib/ -L/opt/intel/oneapi/compiler/2024.2/lib/ -L/opt/intel/oneapi/ccl/2021.13/lib/ -L/usr/lib/gcc/x86_64-linux-gnu/12/../../../../x86_64-linux-gnu/lib64 -L/usr/lib/gcc/x86_64-linux-gnu/12/../../../../x86_64-linux-gnu/lib/ -L/usr/lib/gcc/x86_64-linux-gnu/12/../../../ -L/lib64 -L/lib/ -L/usr/lib64 -L/usr/lib CMakeFiles/cmTC_d34a1.dir/CMakeFortranCompilerABI.F90.o -Bdynamic -Bstatic -lifport -lifcoremt -Bdynamic -limf -Bstatic -lsvml -Bdynamic -lm -Bstatic -lipgo -lirc -Bdynamic -lpthread -Bstatic -lsvml -Bdynamic -lc -lgcc -lgcc_s -Bstatic -lirc_s -Bdynamic -ldl -lc /usr/lib/gcc/x86_64-linux-gnu/12/crtendS.o /usr/lib/gcc/x86_64-linux-gnu/12/../../../../x86_64-linux-gnu/lib/../lib/crtn.o]
    arg [ld] ==> ignore
    arg [/usr/lib/gcc/x86_64-linux-gnu/12/../../../../x86_64-linux-gnu/lib/../lib/Scrt1.o] ==> obj [/usr/lib/gcc/x86_64-linux-gnu/12/../../../../x86_64-linux-gnu/lib/../lib/Scrt1.o]
    arg [/usr/lib/gcc/x86_64-linux-gnu/12/../../../../x86_64-linux-gnu/lib/../lib/crti.o] ==> obj [/usr/lib/gcc/x86_64-linux-gnu/12/../../../../x86_64-linux-gnu/lib/../lib/crti.o]
    arg [/usr/lib/gcc/x86_64-linux-gnu/12/crtbeginS.o] ==> obj [/usr/lib/gcc/x86_64-linux-gnu/12/crtbeginS.o]
    arg [--eh-frame-hdr] ==> ignore
    arg [--build-id] ==> ignore
    arg [-dynamic-linker] ==> ignore
    arg [/lib64/ld-linux-x86-64.so.2] ==> ignore
    arg [-m] ==> ignore
    arg [elf_x86_64] ==> ignore
    arg [-o] ==> ignore
    arg [cmTC_d34a1] ==> ignore
    arg [/opt/intel/oneapi/compiler/2024.2/lib/for_main.o] ==> obj [/opt/intel/oneapi/compiler/2024.2/lib/for_main.o]
    arg [-L/opt/intel/oneapi/tbb/2021.13/env/../lib/intel64/gcc4.8] ==> dir [/opt/intel/oneapi/tbb/2021.13/env/../lib/intel64/gcc4.8]
    arg [-L/opt/intel/oneapi/mpi/2021.13/lib] ==> dir [/opt/intel/oneapi/mpi/2021.13/lib]
    arg [-L/opt/intel/oneapi/mkl/2024.2/lib/] ==> dir [/opt/intel/oneapi/mkl/2024.2/lib/]
    arg [-L/opt/intel/oneapi/ippcp/2021.12/lib/] ==> dir [/opt/intel/oneapi/ippcp/2021.12/lib/]
    arg [-L/opt/intel/oneapi/ipp/2021.12/lib] ==> dir [/opt/intel/oneapi/ipp/2021.12/lib]
    arg [-L/opt/intel/oneapi/dpl/2022.6/lib] ==> dir [/opt/intel/oneapi/dpl/2022.6/lib]
    arg [-L/opt/intel/oneapi/dnnl/2024.2/lib] ==> dir [/opt/intel/oneapi/dnnl/2024.2/lib]
    arg [-L/opt/intel/oneapi/dal/2024.5/lib] ==> dir [/opt/intel/oneapi/dal/2024.5/lib]
    arg [-L/opt/intel/oneapi/compiler/2024.2/lib] ==> dir [/opt/intel/oneapi/compiler/2024.2/lib]
    arg [-L/opt/intel/oneapi/ccl/2021.13/lib/] ==> dir [/opt/intel/oneapi/ccl/2021.13/lib/]
    arg [-L/opt/intel/oneapi/compiler/2024.2/lib] ==> dir [/opt/intel/oneapi/compiler/2024.2/lib]
    arg [-L/opt/intel/oneapi/compiler/2024.2/lib] ==> dir [/opt/intel/oneapi/compiler/2024.2/lib]
    arg [-L/opt/intel/oneapi/compiler/2024.2/lib/clang/19/lib/x86_64-unknown-linux-gnu] ==> dir [/opt/intel/oneapi/compiler/2024.2/lib/clang/19/lib/x86_64-unknown-linux-gnu]
    arg [-L/opt/intel/oneapi/compiler/2024.2/lib] ==> dir [/opt/intel/oneapi/compiler/2024.2/lib]
    arg [-L/opt/intel/oneapi/tbb/2021.13/env/../lib/intel64/gcc4.8/../lib/] ==> dir [/opt/intel/oneapi/tbb/2021.13/env/../lib/intel64/gcc4.8/../lib/]
    arg [-L/opt/intel/oneapi/mpi/2021.13/lib/../lib/] ==> dir [/opt/intel/oneapi/mpi/2021.13/lib/../lib/]
    arg [-L/opt/intel/oneapi/mkl/2024.2/lib/../lib/] ==> dir [/opt/intel/oneapi/mkl/2024.2/lib/../lib/]
    arg [-L/opt/intel/oneapi/ippcp/2021.12/lib/../lib/] ==> dir [/opt/intel/oneapi/ippcp/2021.12/lib/../lib/]
    arg [-L/opt/intel/oneapi/ipp/2021.12/lib/../lib/] ==> dir [/opt/intel/oneapi/ipp/2021.12/lib/../lib/]
    arg [-L/opt/intel/oneapi/dpl/2022.6/lib/../lib/] ==> dir [/opt/intel/oneapi/dpl/2022.6/lib/../lib/]
    arg [-L/opt/intel/oneapi/dnnl/2024.2/lib/../lib/] ==> dir [/opt/intel/oneapi/dnnl/2024.2/lib/../lib/]
    arg [-L/opt/intel/oneapi/dal/2024.5/lib/../lib/] ==> dir [/opt/intel/oneapi/dal/2024.5/lib/../lib/]
    arg [-L/opt/intel/oneapi/compiler/2024.2/lib/../lib/] ==> dir [/opt/intel/oneapi/compiler/2024.2/lib/../lib/]
    arg [-L/opt/intel/oneapi/ccl/2021.13/lib/../lib/] ==> dir [/opt/intel/oneapi/ccl/2021.13/lib/../lib/]
    arg [-L/usr/lib/gcc/x86_64-linux-gnu/12/] ==> dir [/usr/lib/gcc/x86_64-linux-gnu/12/]
    arg [-L/usr/lib/gcc/x86_64-linux-gnu/12/../../../../x86_64-linux-gnu/lib/../lib64] ==> dir [/usr/lib/gcc/x86_64-linux-gnu/12/../../../../x86_64-linux-gnu/lib/../lib64]
    arg [-L/usr/lib/gcc/x86_64-linux-gnu/12/../../../../x86_64-linux-gnu/lib/../lib/] ==> dir [/usr/lib/gcc/x86_64-linux-gnu/12/../../../../x86_64-linux-gnu/lib/../lib/]
    arg [-L/usr/lib/gcc/x86_64-linux-gnu/12/../../../x86_64-linux-gnu/] ==> dir [/usr/lib/gcc/x86_64-linux-gnu/12/../../../x86_64-linux-gnu/]
    arg [-L/usr/lib/gcc/x86_64-linux-gnu/12/../../../../lib64] ==> dir [/usr/lib/gcc/x86_64-linux-gnu/12/../../../../lib64]
    arg [-L/usr/lib/gcc/x86_64-linux-gnu/12/../../../../lib/] ==> dir [/usr/lib/gcc/x86_64-linux-gnu/12/../../../../lib/]
    arg [-L/lib/x86_64-linux-gnu/] ==> dir [/lib/x86_64-linux-gnu/]
    arg [-L/lib/../lib64] ==> dir [/lib/../lib64]
    arg [-L/lib/../lib/] ==> dir [/lib/../lib/]
    arg [-L/usr/lib/x86_64-linux-gnu/] ==> dir [/usr/lib/x86_64-linux-gnu/]
    arg [-L/usr/lib/../lib64] ==> dir [/usr/lib/../lib64]
    arg [-L/usr/lib/../lib/] ==> dir [/usr/lib/../lib/]
    arg [-L/opt/intel/oneapi/tbb/2021.13/env/../lib/intel64/gcc4.8/] ==> dir [/opt/intel/oneapi/tbb/2021.13/env/../lib/intel64/gcc4.8/]
    arg [-L/opt/intel/oneapi/mpi/2021.13/lib/] ==> dir [/opt/intel/oneapi/mpi/2021.13/lib/]
    arg [-L/opt/intel/oneapi/mkl/2024.2/lib/] ==> dir [/opt/intel/oneapi/mkl/2024.2/lib/]
    arg [-L/opt/intel/oneapi/ippcp/2021.12/lib/] ==> dir [/opt/intel/oneapi/ippcp/2021.12/lib/]
    arg [-L/opt/intel/oneapi/ipp/2021.12/lib/] ==> dir [/opt/intel/oneapi/ipp/2021.12/lib/]
    arg [-L/opt/intel/oneapi/dpl/2022.6/lib/] ==> dir [/opt/intel/oneapi/dpl/2022.6/lib/]
    arg [-L/opt/intel/oneapi/dnnl/2024.2/lib/] ==> dir [/opt/intel/oneapi/dnnl/2024.2/lib/]
    arg [-L/opt/intel/oneapi/dal/2024.5/lib/] ==> dir [/opt/intel/oneapi/dal/2024.5/lib/]
    arg [-L/opt/intel/oneapi/compiler/2024.2/lib/] ==> dir [/opt/intel/oneapi/compiler/2024.2/lib/]
    arg [-L/opt/intel/oneapi/ccl/2021.13/lib/] ==> dir [/opt/intel/oneapi/ccl/2021.13/lib/]
    arg [-L/usr/lib/gcc/x86_64-linux-gnu/12/../../../../x86_64-linux-gnu/lib64] ==> dir [/usr/lib/gcc/x86_64-linux-gnu/12/../../../../x86_64-linux-gnu/lib64]
    arg [-L/usr/lib/gcc/x86_64-linux-gnu/12/../../../../x86_64-linux-gnu/lib/] ==> dir [/usr/lib/gcc/x86_64-linux-gnu/12/../../../../x86_64-linux-gnu/lib/]
    arg [-L/usr/lib/gcc/x86_64-linux-gnu/12/../../../] ==> dir [/usr/lib/gcc/x86_64-linux-gnu/12/../../../]
    arg [-L/lib64] ==> dir [/lib64]
    arg [-L/lib/] ==> dir [/lib/]
    arg [-L/usr/lib64] ==> dir [/usr/lib64]
    arg [-L/usr/lib] ==> dir [/usr/lib]
    arg [CMakeFiles/cmTC_d34a1.dir/CMakeFortranCompilerABI.F90.o] ==> ignore
    arg [-Bdynamic] ==> search dynamic
    arg [-Bstatic] ==> search static
    arg [-lifport] ==> lib [ifport]
    arg [-lifcoremt] ==> lib [ifcoremt]
    arg [-Bdynamic] ==> search dynamic
    arg [-limf] ==> lib [imf]
    arg [-Bstatic] ==> search static
    arg [-lsvml] ==> lib [svml]
    arg [-Bdynamic] ==> search dynamic
    arg [-lm] ==> lib [m]
    arg [-Bstatic] ==> search static
    arg [-lipgo] ==> lib [ipgo]
    arg [-lirc] ==> lib [irc]
    arg [-Bdynamic] ==> search dynamic
    arg [-lpthread] ==> lib [pthread]
    arg [-Bstatic] ==> search static
    arg [-lsvml] ==> lib [svml]
    arg [-Bdynamic] ==> search dynamic
    arg [-lc] ==> lib [c]
    arg [-lgcc] ==> lib [gcc]
    arg [-lgcc_s] ==> lib [gcc_s]
    arg [-Bstatic] ==> search static
    arg [-lirc_s] ==> lib [irc_s]
    arg [-Bdynamic] ==> search dynamic
    arg [-ldl] ==> lib [dl]
    arg [-lc] ==> lib [c]
    arg [/usr/lib/gcc/x86_64-linux-gnu/12/crtendS.o] ==> obj [/usr/lib/gcc/x86_64-linux-gnu/12/crtendS.o]
    arg [/usr/lib/gcc/x86_64-linux-gnu/12/../../../../x86_64-linux-gnu/lib/../lib/crtn.o] ==> obj [/usr/lib/gcc/x86_64-linux-gnu/12/../../../../x86_64-linux-gnu/lib/../lib/crtn.o]
  collapse obj [/usr/lib/gcc/x86_64-linux-gnu/12/../../../../x86_64-linux-gnu/lib/../lib/Scrt1.o] ==> [/usr/x86_64-linux-gnu/lib/Scrt1.o]
  collapse obj [/usr/lib/gcc/x86_64-linux-gnu/12/../../../../x86_64-linux-gnu/lib/../lib/crti.o] ==> [/usr/x86_64-linux-gnu/lib/crti.o]
  collapse obj [/usr/lib/gcc/x86_64-linux-gnu/12/../../../../x86_64-linux-gnu/lib/../lib/crtn.o] ==> [/usr/x86_64-linux-gnu/lib/crtn.o]
  collapse library dir [/opt/intel/oneapi/tbb/2021.13/env/../lib/intel64/gcc4.8] ==> [/opt/intel/oneapi/tbb/2021.13/lib/intel64/gcc4.8]
  collapse library dir [/opt/intel/oneapi/mpi/2021.13/lib] ==> [/opt/intel/oneapi/mpi/2021.13/lib]
  collapse library dir [/opt/intel/oneapi/mkl/2024.2/lib/] ==> [/opt/intel/oneapi/mkl/2024.2/lib]
  collapse library dir [/opt/intel/oneapi/ippcp/2021.12/lib/] ==> [/opt/intel/oneapi/ippcp/2021.12/lib]
  collapse library dir [/opt/intel/oneapi/ipp/2021.12/lib] ==> [/opt/intel/oneapi/ipp/2021.12/lib]
  collapse library dir [/opt/intel/oneapi/dpl/2022.6/lib] ==> [/opt/intel/oneapi/dpl/2022.6/lib]
  collapse library dir [/opt/intel/oneapi/dnnl/2024.2/lib] ==> [/opt/intel/oneapi/dnnl/2024.2/lib]
  collapse library dir [/opt/intel/oneapi/dal/2024.5/lib] ==> [/opt/intel/oneapi/dal/2024.5/lib]
  collapse library dir [/opt/intel/oneapi/compiler/2024.2/lib] ==> [/opt/intel/oneapi/compiler/2024.2/lib]
  collapse library dir [/opt/intel/oneapi/ccl/2021.13/lib/] ==> [/opt/intel/oneapi/ccl/2021.13/lib]
  collapse library dir [/opt/intel/oneapi/compiler/2024.2/lib] ==> [/opt/intel/oneapi/compiler/2024.2/lib]
  collapse library dir [/opt/intel/oneapi/compiler/2024.2/lib] ==> [/opt/intel/oneapi/compiler/2024.2/lib]
  collapse library dir [/opt/intel/oneapi/compiler/2024.2/lib/clang/19/lib/x86_64-unknown-linux-gnu] ==> [/opt/intel/oneapi/compiler/2024.2/lib/clang/19/lib/x86_64-unknown-linux-gnu]
  collapse library dir [/opt/intel/oneapi/compiler/2024.2/lib] ==> [/opt/intel/oneapi/compiler/2024.2/lib]
  collapse library dir [/opt/intel/oneapi/tbb/2021.13/env/../lib/intel64/gcc4.8/../lib/] ==> [/opt/intel/oneapi/tbb/2021.13/lib/intel64/lib]
  collapse library dir [/opt/intel/oneapi/mpi/2021.13/lib/../lib/] ==> [/opt/intel/oneapi/mpi/2021.13/lib]
  collapse library dir [/opt/intel/oneapi/mkl/2024.2/lib/../lib/] ==> [/opt/intel/oneapi/mkl/2024.2/lib]
  collapse library dir [/opt/intel/oneapi/ippcp/2021.12/lib/../lib/] ==> [/opt/intel/oneapi/ippcp/2021.12/lib]
  collapse library dir [/opt/intel/oneapi/ipp/2021.12/lib/../lib/] ==> [/opt/intel/oneapi/ipp/2021.12/lib]
  collapse library dir [/opt/intel/oneapi/dpl/2022.6/lib/../lib/] ==> [/opt/intel/oneapi/dpl/2022.6/lib]
  collapse library dir [/opt/intel/oneapi/dnnl/2024.2/lib/../lib/] ==> [/opt/intel/oneapi/dnnl/2024.2/lib]
  collapse library dir [/opt/intel/oneapi/dal/2024.5/lib/../lib/] ==> [/opt/intel/oneapi/dal/2024.5/lib]
  collapse library dir [/opt/intel/oneapi/compiler/2024.2/lib/../lib/] ==> [/opt/intel/oneapi/compiler/2024.2/lib]
  collapse library dir [/opt/intel/oneapi/ccl/2021.13/lib/../lib/] ==> [/opt/intel/oneapi/ccl/2021.13/lib]
  collapse library dir [/usr/lib/gcc/x86_64-linux-gnu/12/] ==> [/usr/lib/gcc/x86_64-linux-gnu/12]
  collapse library dir [/usr/lib/gcc/x86_64-linux-gnu/12/../../../../x86_64-linux-gnu/lib/../lib64] ==> [/usr/x86_64-linux-gnu/lib64]
  collapse library dir [/usr/lib/gcc/x86_64-linux-gnu/12/../../../../x86_64-linux-gnu/lib/../lib/] ==> [/usr/x86_64-linux-gnu/lib]
  collapse library dir [/usr/lib/gcc/x86_64-linux-gnu/12/../../../x86_64-linux-gnu/] ==> [/usr/lib/x86_64-linux-gnu]
  collapse library dir [/usr/lib/gcc/x86_64-linux-gnu/12/../../../../lib64] ==> [/usr/lib64]
  collapse library dir [/usr/lib/gcc/x86_64-linux-gnu/12/../../../../lib/] ==> [/usr/lib]
  collapse library dir [/lib/x86_64-linux-gnu/] ==> [/lib/x86_64-linux-gnu]
  collapse library dir [/lib/../lib64] ==> [/lib64]
  collapse library dir [/lib/../lib/] ==> [/lib]
  collapse library dir [/usr/lib/x86_64-linux-gnu/] ==> [/usr/lib/x86_64-linux-gnu]
  collapse library dir [/usr/lib/../lib64] ==> [/usr/lib64]
  collapse library dir [/usr/lib/../lib/] ==> [/usr/lib]
  collapse library dir [/opt/intel/oneapi/tbb/2021.13/env/../lib/intel64/gcc4.8/] ==> [/opt/intel/oneapi/tbb/2021.13/lib/intel64/gcc4.8]
  collapse library dir [/opt/intel/oneapi/mpi/2021.13/lib/] ==> [/opt/intel/oneapi/mpi/2021.13/lib]
  collapse library dir [/opt/intel/oneapi/mkl/2024.2/lib/] ==> [/opt/intel/oneapi/mkl/2024.2/lib]
  collapse library dir [/opt/intel/oneapi/ippcp/2021.12/lib/] ==> [/opt/intel/oneapi/ippcp/2021.12/lib]
  collapse library dir [/opt/intel/oneapi/ipp/2021.12/lib/] ==> [/opt/intel/oneapi/ipp/2021.12/lib]
  collapse library dir [/opt/intel/oneapi/dpl/2022.6/lib/] ==> [/opt/intel/oneapi/dpl/2022.6/lib]
  collapse library dir [/opt/intel/oneapi/dnnl/2024.2/lib/] ==> [/opt/intel/oneapi/dnnl/2024.2/lib]
  collapse library dir [/opt/intel/oneapi/dal/2024.5/lib/] ==> [/opt/intel/oneapi/dal/2024.5/lib]
  collapse library dir [/opt/intel/oneapi/compiler/2024.2/lib/] ==> [/opt/intel/oneapi/compiler/2024.2/lib]
  collapse library dir [/opt/intel/oneapi/ccl/2021.13/lib/] ==> [/opt/intel/oneapi/ccl/2021.13/lib]
  collapse library dir [/usr/lib/gcc/x86_64-linux-gnu/12/../../../../x86_64-linux-gnu/lib64] ==> [/usr/x86_64-linux-gnu/lib64]
  collapse library dir [/usr/lib/gcc/x86_64-linux-gnu/12/../../../../x86_64-linux-gnu/lib/] ==> [/usr/x86_64-linux-gnu/lib]
  collapse library dir [/usr/lib/gcc/x86_64-linux-gnu/12/../../../] ==> [/usr/lib]
  collapse library dir [/lib64] ==> [/lib64]
  collapse library dir [/lib/] ==> [/lib]
  collapse library dir [/usr/lib64] ==> [/usr/lib64]
  collapse library dir [/usr/lib] ==> [/usr/lib]
  implicit libs: [ifport;ifcoremt;imf;svml;m;ipgo;irc;pthread;svml;c;gcc;gcc_s;irc_s;dl;c]
  implicit objs: [/usr/x86_64-linux-gnu/lib/Scrt1.o;/usr/x86_64-linux-gnu/lib/crti.o;/usr/lib/gcc/x86_64-linux-gnu/12/crtbeginS.o;/opt/intel/oneapi/compiler/2024.2/lib/for_main.o;/usr/lib/gcc/x86_64-linux-gnu/12/crtendS.o;/usr/x86_64-linux-gnu/lib/crtn.o]
  implicit dirs: [/opt/intel/oneapi/tbb/2021.13/lib/intel64/gcc4.8;/opt/intel/oneapi/mpi/2021.13/lib;/opt/intel/oneapi/mkl/2024.2/lib;/opt/intel/oneapi/ippcp/2021.12/lib;/opt/intel/oneapi/ipp/2021.12/lib;/opt/intel/oneapi/dpl/2022.6/lib;/opt/intel/oneapi/dnnl/2024.2/lib;/opt/intel/oneapi/dal/2024.5/lib;/opt/intel/oneapi/compiler/2024.2/lib;/opt/intel/oneapi/ccl/2021.13/lib;/opt/intel/oneapi/compiler/2024.2/lib/clang/19/lib/x86_64-unknown-linux-gnu;/opt/intel/oneapi/tbb/2021.13/lib/intel64/lib;/usr/lib/gcc/x86_64-linux-gnu/12;/usr/x86_64-linux-gnu/lib64;/usr/x86_64-linux-gnu/lib;/usr/lib/x86_64-linux-gnu;/usr/lib64;/usr/lib;/lib/x86_64-linux-gnu;/lib64;/lib]
  implicit fwks: []


